
> lightmyfire-web@0.8.0 build
> next build

  ▲ Next.js 14.2.33
  - Environments: .env.local

   Creating an optimized production build ...
<w> [webpack.cache.PackFileCacheStrategy] Serializing big strings (118kiB) impacts deserialization performance (consider using Buffer instead and decode when needed)
 ⚠ Compiled with warnings

./node_modules/@supabase/realtime-js/dist/module/lib/websocket-factory.js
A Node.js API is used (process.versions at line: 32) which is not supported in the Edge Runtime.
Learn more: https://nextjs.org/docs/api-reference/edge-runtime

Import trace for requested module:
./node_modules/@supabase/realtime-js/dist/module/lib/websocket-factory.js
./node_modules/@supabase/realtime-js/dist/module/index.js
./node_modules/@supabase/supabase-js/dist/module/index.js
./node_modules/@supabase/ssr/dist/module/createServerClient.js
./node_modules/@supabase/ssr/dist/module/index.js
./lib/supabase-server.ts

./node_modules/@supabase/supabase-js/dist/module/index.js
A Node.js API is used (process.version at line: 24) which is not supported in the Edge Runtime.
Learn more: https://nextjs.org/docs/api-reference/edge-runtime

Import trace for requested module:
./node_modules/@supabase/supabase-js/dist/module/index.js
./node_modules/@supabase/ssr/dist/module/createServerClient.js
./node_modules/@supabase/ssr/dist/module/index.js
./lib/supabase-server.ts

 ✓ Compiled successfully
   Linting and checking validity of types ...
   Collecting page data ...
   Generating static pages (0/9) ...
   Generating static pages (2/9) 
   Generating static pages (4/9) 
   Generating static pages (6/9) 
 ✓ Generating static pages (9/9)
   Finalizing page optimization ...
   Collecting build traces ...

Route (app)                               Size     First Load JS
┌ ○ /_not-found                           880 B          88.8 kB
├ ƒ /[locale]                             5.51 kB         208 kB
├ ƒ /[locale]/about                       11.5 kB         105 kB
├ ƒ /[locale]/admin                       4.23 kB         145 kB
├ ƒ /[locale]/auth/callback               0 B                0 B
├ ƒ /[locale]/dont-throw-me-away          4.44 kB        92.4 kB
├ ƒ /[locale]/find                        2.66 kB         185 kB
├ ƒ /[locale]/legal/faq                   3.81 kB        96.9 kB
├ ƒ /[locale]/legal/privacy               4.39 kB        92.3 kB
├ ƒ /[locale]/legal/terms                 3.66 kB        91.6 kB
├ ƒ /[locale]/lighter/[id]                47 kB           228 kB
├ ƒ /[locale]/lighter/[id]/add            6.15 kB         152 kB
├ ƒ /[locale]/login                       23.6 kB         164 kB
├ ƒ /[locale]/moderation                  3.56 kB         170 kB
├ ƒ /[locale]/my-profile                  10.2 kB         185 kB
├ ƒ /[locale]/save-lighter                15.7 kB         138 kB
├ ƒ /[locale]/save-lighter/order-success  4.27 kB         101 kB
├ ƒ /[locale]/save-lighter/success/[id]   179 kB          337 kB
├ ƒ /api/admin/refund-order               0 B                0 B
├ ƒ /api/contact                          0 B                0 B
├ ƒ /api/create-payment-intent            0 B                0 B
├ ƒ /api/generate-printful-stickers       0 B                0 B
├ ƒ /api/generate-sticker-pdf             0 B                0 B
├ ƒ /api/moderate-image                   0 B                0 B
├ ƒ /api/moderate-text                    0 B                0 B
├ ƒ /api/process-sticker-order            0 B                0 B
├ ƒ /api/webhooks/stripe                  0 B                0 B
└ ƒ /api/youtube-search                   0 B                0 B
+ First Load JS shared by all             87.9 kB
  ├ chunks/2117-96ebc7001266388d.js       31.9 kB
  ├ chunks/fd9d1056-7356215043c96341.js   53.6 kB
  └ other shared chunks (total)           2.41 kB


ƒ Middleware                              74.1 kB

○  (Static)   prerendered as static content
ƒ  (Dynamic)  server-rendered on demand

