
> lightmyfire-web@0.8.0 build
> next build

  ▲ Next.js 14.2.33
  - Environments: .env.local

   Creating an optimized production build ...
 ✓ Compiled successfully
   Linting and checking validity of types ...
   Collecting page data ...
   Generating static pages (0/10) ...
   Generating static pages (2/10) 
   Generating static pages (4/10) 
   Generating static pages (7/10) 
 ✓ Generating static pages (10/10)
   Finalizing page optimization ...
   Collecting build traces ...

Route (app)                               Size     First Load JS
┌ ○ /_not-found                           880 B          88.9 kB
├ ƒ /[locale]                             6.36 kB         209 kB
├ ƒ /[locale]/about                       11.5 kB         105 kB
├ ƒ /[locale]/admin                       4.22 kB         145 kB
├ ƒ /[locale]/auth/callback               0 B                0 B
├ ƒ /[locale]/dont-throw-me-away          4.44 kB        92.4 kB
├ ƒ /[locale]/find                        3.11 kB         186 kB
├ ƒ /[locale]/legal/faq                   3.81 kB          97 kB
├ ƒ /[locale]/legal/privacy               4.39 kB        92.4 kB
├ ƒ /[locale]/legal/terms                 3.66 kB        91.7 kB
├ ƒ /[locale]/lighter/[id]                47 kB           228 kB
├ ƒ /[locale]/lighter/[id]/add            8.85 kB         155 kB
├ ƒ /[locale]/login                       23.6 kB         164 kB
├ ƒ /[locale]/moderation                  3.56 kB         170 kB
├ ƒ /[locale]/my-profile                  10.2 kB         185 kB
├ ƒ /[locale]/save-lighter                16.4 kB         139 kB
├ ƒ /[locale]/save-lighter/order-success  4.27 kB         101 kB
├ ƒ /[locale]/save-lighter/success/[id]   179 kB          337 kB
├ ƒ /api/admin/refund-order               0 B                0 B
├ ƒ /api/calculate-shipping               0 B                0 B
├ ƒ /api/contact                          0 B                0 B
├ ƒ /api/create-payment-intent            0 B                0 B
├ ƒ /api/generate-printful-stickers       0 B                0 B
├ ƒ /api/generate-sticker-pdf             0 B                0 B
├ ƒ /api/moderate-image                   0 B                0 B
├ ƒ /api/moderate-text                    0 B                0 B
├ ƒ /api/process-sticker-order            0 B                0 B
├ ƒ /api/webhooks/stripe                  0 B                0 B
└ ƒ /api/youtube-search                   0 B                0 B
+ First Load JS shared by all             88 kB
  ├ chunks/2117-f8688705fb012d21.js       31.9 kB
  ├ chunks/fd9d1056-303de2b853983ad7.js   53.6 kB
  └ other shared chunks (total)           2.48 kB


ƒ Middleware                              74.1 kB

○  (Static)   prerendered as static content
ƒ  (Dynamic)  server-rendered on demand

