
> lightmyfire-web@0.8.0 build
> next build

  ▲ Next.js 14.2.33
  - Environments: .env.local

   Creating an optimized production build ...
Failed to compile.

./app/[locale]/lighter/[id]/add/AddPostForm.tsx
Error: 
  [31mx[0m Unexpected token `form`. Expected jsx identifier
     ,-[[36;1;4m/Users/utilisateur/Desktop/LMFNEW/lightmyfire-web/app/[locale]/lighter/[id]/add/AddPostForm.tsx[0m:378:1]
 [2m378[0m |   };
 [2m379[0m | 
 [2m380[0m |   return (
 [2m381[0m |     <form
     : [31;1m     ^^^^[0m
 [2m382[0m |       onSubmit={handleSubmit}
 [2m383[0m |       className="w-full max-w-2xl rounded-xl bg-background p-6 sm:p-8 shadow-lg"
 [2m384[0m |     >
     `----

Caused by:
    Syntax Error

Import trace for requested module:
./app/[locale]/lighter/[id]/add/AddPostForm.tsx
./app/[locale]/lighter/[id]/add/page.tsx


> Build failed because of webpack errors
